[2018-08-17T11:39:05.625] [ERROR] http - 127.0.0.1 - - "GET /styles/joint.css HTTP/1.1" 404 155 "http://localhost:3000/" "Mozilla/5.0 (iPhone; CPU iPhone OS 11_0 like Mac OS X) AppleWebKit/604.1.38 (KHTML, like Gecko) Version/11.0 Mobile/15A372 Safari/604.1"
[2018-08-17T11:39:05.632] [ERROR] http - 127.0.0.1 - - "GET /libs/jquery.js HTTP/1.1" 404 153 "http://localhost:3000/" "Mozilla/5.0 (iPhone; CPU iPhone OS 11_0 like Mac OS X) AppleWebKit/604.1.38 (KHTML, like Gecko) Version/11.0 Mobile/15A372 Safari/604.1"
[2018-08-17T11:39:05.641] [ERROR] http - 127.0.0.1 - - "GET /libs/lodash.js HTTP/1.1" 404 153 "http://localhost:3000/" "Mozilla/5.0 (iPhone; CPU iPhone OS 11_0 like Mac OS X) AppleWebKit/604.1.38 (KHTML, like Gecko) Version/11.0 Mobile/15A372 Safari/604.1"
[2018-08-17T11:39:05.643] [ERROR] http - 127.0.0.1 - - "GET /libs/backbone.js HTTP/1.1" 404 155 "http://localhost:3000/" "Mozilla/5.0 (iPhone; CPU iPhone OS 11_0 like Mac OS X) AppleWebKit/604.1.38 (KHTML, like Gecko) Version/11.0 Mobile/15A372 Safari/604.1"
[2018-08-17T11:39:05.644] [ERROR] http - 127.0.0.1 - - "GET /libs/joint.js HTTP/1.1" 404 152 "http://localhost:3000/" "Mozilla/5.0 (iPhone; CPU iPhone OS 11_0 like Mac OS X) AppleWebKit/604.1.38 (KHTML, like Gecko) Version/11.0 Mobile/15A372 Safari/604.1"
[2018-08-17T11:39:05.645] [ERROR] http - 127.0.0.1 - - "GET /libs/saveSvgAsPng.js HTTP/1.1" 404 159 "http://localhost:3000/" "Mozilla/5.0 (iPhone; CPU iPhone OS 11_0 like Mac OS X) AppleWebKit/604.1.38 (KHTML, like Gecko) Version/11.0 Mobile/15A372 Safari/604.1"
[2018-08-17T11:39:06.935] [INFO] http - ::1 - - "OPTIONS /api/v1/tasks/getRoot HTTP/1.1" 204 0 "" "Mozilla/5.0 (iPhone; CPU iPhone OS 11_0 like Mac OS X) AppleWebKit/604.1.38 (KHTML, like Gecko) Version/11.0 Mobile/15A372 Safari/604.1"
[2018-08-17T11:39:07.253] [INFO] http - ::1 - - "POST /api/v1/tasks/getRoot HTTP/1.1" 200 1017 "http://localhost:3000/" "Mozilla/5.0 (iPhone; CPU iPhone OS 11_0 like Mac OS X) AppleWebKit/604.1.38 (KHTML, like Gecko) Version/11.0 Mobile/15A372 Safari/604.1"
[2018-08-17T11:46:34.731] [INFO] http - ::1 - - "OPTIONS /api/v1/tasks/query HTTP/1.1" 204 0 "" "Mozilla/5.0 (Macintosh; Intel Mac OS X 10_13_6) AppleWebKit/537.36 (KHTML, like Gecko) Chrome/68.0.3440.106 Safari/537.36"
[2018-08-17T11:46:34.891] [INFO] http - ::1 - - "POST /api/v1/tasks/query HTTP/1.1" 200 2 "http://localhost:3000/" "Mozilla/5.0 (Macintosh; Intel Mac OS X 10_13_6) AppleWebKit/537.36 (KHTML, like Gecko) Chrome/68.0.3440.106 Safari/537.36"
[2018-08-17T11:46:39.523] [INFO] http - ::1 - - "OPTIONS /api/v1/tasks/getRoot HTTP/1.1" 204 0 "" "Mozilla/5.0 (Macintosh; Intel Mac OS X 10_13_6) AppleWebKit/537.36 (KHTML, like Gecko) Chrome/68.0.3440.106 Safari/537.36"
[2018-08-17T11:46:39.541] [INFO] http - ::1 - - "POST /api/v1/tasks/getRoot HTTP/1.1" 200 1017 "http://localhost:3000/" "Mozilla/5.0 (Macintosh; Intel Mac OS X 10_13_6) AppleWebKit/537.36 (KHTML, like Gecko) Chrome/68.0.3440.106 Safari/537.36"
[2018-08-17T11:46:39.628] [INFO] http - ::1 - - "OPTIONS /api/v1/tasks/getByRoot HTTP/1.1" 204 0 "" "Mozilla/5.0 (Macintosh; Intel Mac OS X 10_13_6) AppleWebKit/537.36 (KHTML, like Gecko) Chrome/68.0.3440.106 Safari/537.36"
[2018-08-17T11:46:39.654] [INFO] http - ::1 - - "POST /api/v1/tasks/getByRoot HTTP/1.1" 200 1548 "http://localhost:3000/" "Mozilla/5.0 (Macintosh; Intel Mac OS X 10_13_6) AppleWebKit/537.36 (KHTML, like Gecko) Chrome/68.0.3440.106 Safari/537.36"
[2018-08-17T11:46:55.085] [INFO] http - ::1 - - "OPTIONS /api/v1/tasks/getRoot HTTP/1.1" 204 0 "" "Mozilla/5.0 (iPhone; CPU iPhone OS 11_0 like Mac OS X) AppleWebKit/604.1.38 (KHTML, like Gecko) Version/11.0 Mobile/15A372 Safari/604.1"
[2018-08-17T11:46:55.099] [INFO] http - ::1 - - "POST /api/v1/tasks/getRoot HTTP/1.1" 200 1017 "http://localhost:3000/" "Mozilla/5.0 (iPhone; CPU iPhone OS 11_0 like Mac OS X) AppleWebKit/604.1.38 (KHTML, like Gecko) Version/11.0 Mobile/15A372 Safari/604.1"
[2018-08-17T11:46:55.163] [INFO] http - ::1 - - "OPTIONS /api/v1/tasks/query HTTP/1.1" 204 0 "" "Mozilla/5.0 (iPhone; CPU iPhone OS 11_0 like Mac OS X) AppleWebKit/604.1.38 (KHTML, like Gecko) Version/11.0 Mobile/15A372 Safari/604.1"
[2018-08-17T11:46:55.179] [INFO] http - ::1 - - "POST /api/v1/tasks/query HTTP/1.1" 200 502 "http://localhost:3000/" "Mozilla/5.0 (iPhone; CPU iPhone OS 11_0 like Mac OS X) AppleWebKit/604.1.38 (KHTML, like Gecko) Version/11.0 Mobile/15A372 Safari/604.1"
[2018-08-17T11:46:57.585] [INFO] http - ::1 - - "OPTIONS /api/v1/tasks/update HTTP/1.1" 204 0 "" "Mozilla/5.0 (iPhone; CPU iPhone OS 11_0 like Mac OS X) AppleWebKit/604.1.38 (KHTML, like Gecko) Version/11.0 Mobile/15A372 Safari/604.1"
[2018-08-17T11:46:57.654] [INFO] http - ::1 - - "POST /api/v1/tasks/update HTTP/1.1" 200 500 "http://localhost:3000/" "Mozilla/5.0 (iPhone; CPU iPhone OS 11_0 like Mac OS X) AppleWebKit/604.1.38 (KHTML, like Gecko) Version/11.0 Mobile/15A372 Safari/604.1"
[2018-08-17T11:47:01.325] [INFO] http - ::1 - - "OPTIONS /api/v1/tasks/getRoot HTTP/1.1" 204 0 "" "Mozilla/5.0 (iPhone; CPU iPhone OS 11_0 like Mac OS X) AppleWebKit/604.1.38 (KHTML, like Gecko) Version/11.0 Mobile/15A372 Safari/604.1"
[2018-08-17T11:47:01.349] [INFO] http - ::1 - - "POST /api/v1/tasks/getRoot HTTP/1.1" 200 1017 "http://localhost:3000/" "Mozilla/5.0 (iPhone; CPU iPhone OS 11_0 like Mac OS X) AppleWebKit/604.1.38 (KHTML, like Gecko) Version/11.0 Mobile/15A372 Safari/604.1"
[2018-08-17T11:47:01.410] [INFO] http - ::1 - - "OPTIONS /api/v1/tasks/getByRoot HTTP/1.1" 204 0 "" "Mozilla/5.0 (iPhone; CPU iPhone OS 11_0 like Mac OS X) AppleWebKit/604.1.38 (KHTML, like Gecko) Version/11.0 Mobile/15A372 Safari/604.1"
[2018-08-17T11:47:01.448] [INFO] http - ::1 - - "POST /api/v1/tasks/getByRoot HTTP/1.1" 200 1548 "http://localhost:3000/" "Mozilla/5.0 (iPhone; CPU iPhone OS 11_0 like Mac OS X) AppleWebKit/604.1.38 (KHTML, like Gecko) Version/11.0 Mobile/15A372 Safari/604.1"
[2018-08-17T11:47:03.556] [INFO] http - ::1 - - "OPTIONS /api/v1/tasks/getRoot HTTP/1.1" 204 0 "" "Mozilla/5.0 (iPhone; CPU iPhone OS 11_0 like Mac OS X) AppleWebKit/604.1.38 (KHTML, like Gecko) Version/11.0 Mobile/15A372 Safari/604.1"
[2018-08-17T11:47:03.578] [INFO] http - ::1 - - "POST /api/v1/tasks/getRoot HTTP/1.1" 200 1017 "http://localhost:3000/" "Mozilla/5.0 (iPhone; CPU iPhone OS 11_0 like Mac OS X) AppleWebKit/604.1.38 (KHTML, like Gecko) Version/11.0 Mobile/15A372 Safari/604.1"
[2018-08-17T11:47:03.614] [INFO] http - ::1 - - "OPTIONS /api/v1/tasks/query HTTP/1.1" 204 0 "" "Mozilla/5.0 (iPhone; CPU iPhone OS 11_0 like Mac OS X) AppleWebKit/604.1.38 (KHTML, like Gecko) Version/11.0 Mobile/15A372 Safari/604.1"
[2018-08-17T11:47:03.638] [INFO] http - ::1 - - "POST /api/v1/tasks/query HTTP/1.1" 200 502 "http://localhost:3000/" "Mozilla/5.0 (iPhone; CPU iPhone OS 11_0 like Mac OS X) AppleWebKit/604.1.38 (KHTML, like Gecko) Version/11.0 Mobile/15A372 Safari/604.1"
[2018-08-17T11:47:05.709] [INFO] http - ::1 - - "OPTIONS /api/v1/tasks/update HTTP/1.1" 204 0 "" "Mozilla/5.0 (iPhone; CPU iPhone OS 11_0 like Mac OS X) AppleWebKit/604.1.38 (KHTML, like Gecko) Version/11.0 Mobile/15A372 Safari/604.1"
[2018-08-17T11:47:05.726] [INFO] http - ::1 - - "POST /api/v1/tasks/update HTTP/1.1" 200 500 "http://localhost:3000/" "Mozilla/5.0 (iPhone; CPU iPhone OS 11_0 like Mac OS X) AppleWebKit/604.1.38 (KHTML, like Gecko) Version/11.0 Mobile/15A372 Safari/604.1"
[2018-08-17T11:47:08.181] [INFO] http - ::1 - - "OPTIONS /api/v1/tasks/getRoot HTTP/1.1" 204 0 "" "Mozilla/5.0 (iPhone; CPU iPhone OS 11_0 like Mac OS X) AppleWebKit/604.1.38 (KHTML, like Gecko) Version/11.0 Mobile/15A372 Safari/604.1"
[2018-08-17T11:47:08.212] [INFO] http - ::1 - - "POST /api/v1/tasks/getRoot HTTP/1.1" 200 1017 "http://localhost:3000/" "Mozilla/5.0 (iPhone; CPU iPhone OS 11_0 like Mac OS X) AppleWebKit/604.1.38 (KHTML, like Gecko) Version/11.0 Mobile/15A372 Safari/604.1"
[2018-08-17T11:47:08.276] [INFO] http - ::1 - - "OPTIONS /api/v1/tasks/getByRoot HTTP/1.1" 204 0 "" "Mozilla/5.0 (iPhone; CPU iPhone OS 11_0 like Mac OS X) AppleWebKit/604.1.38 (KHTML, like Gecko) Version/11.0 Mobile/15A372 Safari/604.1"
[2018-08-17T11:47:08.300] [INFO] http - ::1 - - "POST /api/v1/tasks/getByRoot HTTP/1.1" 200 1548 "http://localhost:3000/" "Mozilla/5.0 (iPhone; CPU iPhone OS 11_0 like Mac OS X) AppleWebKit/604.1.38 (KHTML, like Gecko) Version/11.0 Mobile/15A372 Safari/604.1"
[2018-08-17T11:47:10.502] [INFO] http - ::1 - - "OPTIONS /api/v1/tasks/query HTTP/1.1" 204 0 "" "Mozilla/5.0 (iPhone; CPU iPhone OS 11_0 like Mac OS X) AppleWebKit/604.1.38 (KHTML, like Gecko) Version/11.0 Mobile/15A372 Safari/604.1"
[2018-08-17T11:47:10.521] [INFO] http - ::1 - - "POST /api/v1/tasks/query HTTP/1.1" 200 2 "http://localhost:3000/" "Mozilla/5.0 (iPhone; CPU iPhone OS 11_0 like Mac OS X) AppleWebKit/604.1.38 (KHTML, like Gecko) Version/11.0 Mobile/15A372 Safari/604.1"
[2018-08-17T11:47:12.568] [INFO] http - ::1 - - "OPTIONS /api/v1/actions/query HTTP/1.1" 204 0 "" "Mozilla/5.0 (iPhone; CPU iPhone OS 11_0 like Mac OS X) AppleWebKit/604.1.38 (KHTML, like Gecko) Version/11.0 Mobile/15A372 Safari/604.1"
[2018-08-17T11:47:12.592] [INFO] http - ::1 - - "POST /api/v1/actions/query HTTP/1.1" 200 663 "http://localhost:3000/" "Mozilla/5.0 (iPhone; CPU iPhone OS 11_0 like Mac OS X) AppleWebKit/604.1.38 (KHTML, like Gecko) Version/11.0 Mobile/15A372 Safari/604.1"
